<?xml version="1.0" encoding="UTF-8"?><testsuite errors="1" failures="0" name="I as a user" skipped="0" tests="1" time="13.01" timestamp="2022-08-12 06:37:21"><testcase name="complete form"><error message="Step [complete the fields firstname:(.*) lastName:(.*) email:(.*) gender:(.*) mobile:(.*) Date of Birth:(.*) subjects:(.*) Hobbies:(.*) picture:(.*) Current Address:(.*) State:(.*) City:(.*)] is defined with 12 parameters at 'co.com.tevolvers.stepdefinitions.PracticaFormularioStepDefinitions.completeTheFieldsFirstnamePedroManuelLastNamePicapiedraEmailPicapiedraTestComGenderMaleMobileDateOfBirthDecSubjectsMathsHobbiesSportsPictureTextoPendientCurrentAddressCllMedellinStateHaryanaCityKarnal(java.lang.String,java.lang.String,java.lang.String,java.lang.String,java.lang.String,java.lang.String,java.lang.String,java.lang.String,java.lang.String,java.lang.String,java.lang.String,java.lang.String)'.&#10;However, the gherkin step has 0 arguments.&#10;Step text: complete the fields firstname:Pedro manuel lastName:picapiedra email:picapiedra@test.com gender:Male mobile:5555115251 Date of Birth:28 Dec 1990 subjects:Maths Hobbies:Sports picture:texto_pendient Current Address:Cll 20 3 Medellin State:haryana City:karnal" type="io.cucumber.core.exception.CucumberException">Step [complete the fields firstname:(.*) lastName:(.*) email:(.*) gender:(.*) mobile:(.*) Date of Birth:(.*) subjects:(.*) Hobbies:(.*) picture:(.*) Current Address:(.*) State:(.*) City:(.*)] is defined with 12 parameters at 'co.com.tevolvers.stepdefinitions.PracticaFormularioStepDefinitions.completeTheFieldsFirstnamePedroManuelLastNamePicapiedraEmailPicapiedraTestComGenderMaleMobileDateOfBirthDecSubjectsMathsHobbiesSportsPictureTextoPendientCurrentAddressCllMedellinStateHaryanaCityKarnal(java.lang.String,java.lang.String,java.lang.String,java.lang.String,java.lang.String,java.lang.String,java.lang.String,java.lang.String,java.lang.String,java.lang.String,java.lang.String,java.lang.String)'.
However, the gherkin step has 0 arguments.
Step text: complete the fields firstname:Pedro manuel lastName:picapiedra email:picapiedra@test.com gender:Male mobile:5555115251 Date of Birth:28 Dec 1990 subjects:Maths Hobbies:Sports picture:texto_pendient Current Address:Cll 20 3 Medellin State:haryana City:karnal</error><system-err>Step [complete the fields firstname:(.*) lastName:(.*) email:(.*) gender:(.*) mobile:(.*) Date of Birth:(.*) subjects:(.*) Hobbies:(.*) picture:(.*) Current Address:(.*) State:(.*) City:(.*)] is defined with 12 parameters at 'co.com.tevolvers.stepdefinitions.PracticaFormularioStepDefinitions.completeTheFieldsFirstnamePedroManuelLastNamePicapiedraEmailPicapiedraTestComGenderMaleMobileDateOfBirthDecSubjectsMathsHobbiesSportsPictureTextoPendientCurrentAddressCllMedellinStateHaryanaCityKarnal(java.lang.String,java.lang.String,java.lang.String,java.lang.String,java.lang.String,java.lang.String,java.lang.String,java.lang.String,java.lang.String,java.lang.String,java.lang.String,java.lang.String)'.
However, the gherkin step has 0 arguments.
Step text: complete the fields firstname:Pedro manuel lastName:picapiedra email:picapiedra@test.com gender:Male mobile:5555115251 Date of Birth:28 Dec 1990 subjects:Maths Hobbies:Sports picture:texto_pendient Current Address:Cll 20 3 Medellin State:haryana City:karnal&#13;
io.cucumber.core.runner.PickleStepDefinitionMatch.arityMismatch(PickleStepDefinitionMatch.java:83)&#13;
io.cucumber.core.runner.PickleStepDefinitionMatch.runStep(PickleStepDefinitionMatch.java:42)&#13;
io.cucumber.core.runner.TestStep.executeStep(TestStep.java:92)&#13;
io.cucumber.core.runner.TestStep.run(TestStep.java:64)&#13;
io.cucumber.core.runner.PickleStepTestStep.run(PickleStepTestStep.java:51)&#13;
io.cucumber.core.runner.TestCase.run(TestCase.java:104)&#13;
io.cucumber.core.runner.Runner.runPickle(Runner.java:73)&#13;
io.cucumber.junit.FeatureRunner.runChild(FeatureRunner.java:135)&#13;
io.cucumber.junit.FeatureRunner.runChild(FeatureRunner.java:27)&#13;
io.cucumber.junit.CucumberSerenityRunner.runChild(CucumberSerenityRunner.java:258)&#13;
io.cucumber.junit.CucumberSerenityRunner.runChild(CucumberSerenityRunner.java:57)&#13;
</system-err></testcase></testsuite>